Started GET "/" for ::1 at 2020-02-20 17:22:19 -0600
Processing by Rails::WelcomeController#index as HTML
  Rendering C:/RailsInstaller/Ruby2.3.3/lib/ruby/gems/2.3.0/gems/railties-5.1.7/lib/rails/templates/rails/welcome/index.html.erb
  Rendered C:/RailsInstaller/Ruby2.3.3/lib/ruby/gems/2.3.0/gems/railties-5.1.7/lib/rails/templates/rails/welcome/index.html.erb (7.0ms)
Completed 200 OK in 512ms (Views: 51.8ms)


Started GET "/" for ::1 at 2020-02-20 17:26:47 -0600
Processing by WelcomePageController#welcome as HTML
  Rendering welcome_page/welcome.html.erb within layouts/application
  Rendered welcome_page/welcome.html.erb within layouts/application (1.0ms)
Completed 200 OK in 912ms (Views: 889.1ms)


Started GET "/" for ::1 at 2020-02-20 17:27:13 -0600
Processing by WelcomePageController#welcome as HTML
  Rendering welcome_page/welcome.html.erb within layouts/application
  Rendered welcome_page/welcome.html.erb within layouts/application (1.0ms)
Completed 200 OK in 615ms (Views: 288.3ms)


  [1m[35m (1.0ms)[0m  [1m[35mSET NAMES utf8,  @@SESSION.sql_mode = CONCAT(CONCAT(@@sql_mode, ',STRICT_ALL_TABLES'), ',NO_AUTO_VALUE_ON_ZERO'),  @@SESSION.sql_auto_is_null = 0, @@SESSION.wait_timeout = 2147483[0m
  [1m[35m (0.0ms)[0m  [1m[35mSET NAMES utf8,  @@SESSION.sql_mode = CONCAT(CONCAT(@@sql_mode, ',STRICT_ALL_TABLES'), ',NO_AUTO_VALUE_ON_ZERO'),  @@SESSION.sql_auto_is_null = 0, @@SESSION.wait_timeout = 2147483[0m
  [1m[35m (34.0ms)[0m  [1m[35mCREATE TABLE `schema_migrations` (`version` varchar(255) NOT NULL PRIMARY KEY) ENGINE=InnoDB[0m
  [1m[35m (18.9ms)[0m  [1m[35mCREATE TABLE `ar_internal_metadata` (`key` varchar(255) NOT NULL PRIMARY KEY, `value` varchar(255), `created_at` datetime NOT NULL, `updated_at` datetime NOT NULL) ENGINE=InnoDB[0m
  [1m[35m (1.0ms)[0m  [1m[34mSELECT GET_LOCK('4649641332133449120', 0)[0m
  [1m[35m (1.0ms)[0m  [1m[34mSELECT `schema_migrations`.`version` FROM `schema_migrations` ORDER BY `schema_migrations`.`version` ASC[0m
  [1m[36mActiveRecord::InternalMetadata Load (1.0ms)[0m  [1m[34mSELECT  `ar_internal_metadata`.* FROM `ar_internal_metadata` WHERE `ar_internal_metadata`.`key` = 'environment' LIMIT 1[0m
  [1m[35m (0.0ms)[0m  [1m[35mBEGIN[0m
  [1m[35mSQL (1.0ms)[0m  [1m[32mINSERT INTO `ar_internal_metadata` (`key`, `value`, `created_at`, `updated_at`) VALUES ('environment', 'development', '2020-02-21 00:00:53', '2020-02-21 00:00:53')[0m
  [1m[35m (3.0ms)[0m  [1m[35mCOMMIT[0m
  [1m[35m (0.0ms)[0m  [1m[34mSELECT RELEASE_LOCK('4649641332133449120')[0m
  [1m[35m (1.0ms)[0m  [1m[34mSELECT `schema_migrations`.`version` FROM `schema_migrations` ORDER BY `schema_migrations`.`version` ASC[0m
Started GET "/" for ::1 at 2020-02-25 17:32:25 -0600
Processing by WelcomePageController#welcome as HTML
  Rendering welcome_page/welcome.html.erb within layouts/application
  Rendered welcome_page/welcome.html.erb within layouts/application (4.0ms)
Completed 200 OK in 990ms (Views: 424.2ms)


  [1m[35m (4.1ms)[0m  [1m[35mSET NAMES utf8,  @@SESSION.sql_mode = CONCAT(CONCAT(@@sql_mode, ',STRICT_ALL_TABLES'), ',NO_AUTO_VALUE_ON_ZERO'),  @@SESSION.sql_auto_is_null = 0, @@SESSION.wait_timeout = 2147483[0m
  [1m[35m (1.1ms)[0m  [1m[34mSELECT GET_LOCK('4649641332133449120', 0)[0m
  [1m[35m (12.0ms)[0m  [1m[34mSELECT `schema_migrations`.`version` FROM `schema_migrations` ORDER BY `schema_migrations`.`version` ASC[0m
  [1m[36mActiveRecord::InternalMetadata Load (3.1ms)[0m  [1m[34mSELECT  `ar_internal_metadata`.* FROM `ar_internal_metadata` WHERE `ar_internal_metadata`.`key` = 'environment' LIMIT 1[0m
  [1m[35m (1.0ms)[0m  [1m[35mBEGIN[0m
  [1m[35m (0.0ms)[0m  [1m[35mCOMMIT[0m
  [1m[35m (0.0ms)[0m  [1m[34mSELECT RELEASE_LOCK('4649641332133449120')[0m
  [1m[35m (1.0ms)[0m  [1m[34mSELECT `schema_migrations`.`version` FROM `schema_migrations` ORDER BY `schema_migrations`.`version` ASC[0m
  [1m[35m (1.0ms)[0m  [1m[35mSET NAMES utf8,  @@SESSION.sql_mode = CONCAT(CONCAT(@@sql_mode, ',STRICT_ALL_TABLES'), ',NO_AUTO_VALUE_ON_ZERO'),  @@SESSION.sql_auto_is_null = 0, @@SESSION.wait_timeout = 2147483[0m
  [1m[35m (0.0ms)[0m  [1m[34mSELECT GET_LOCK('4649641332133449120', 0)[0m
  [1m[35m (1.0ms)[0m  [1m[34mSELECT `schema_migrations`.`version` FROM `schema_migrations` ORDER BY `schema_migrations`.`version` ASC[0m
  [1m[36mActiveRecord::InternalMetadata Load (1.0ms)[0m  [1m[34mSELECT  `ar_internal_metadata`.* FROM `ar_internal_metadata` WHERE `ar_internal_metadata`.`key` = 'environment' LIMIT 1[0m
  [1m[35m (1.0ms)[0m  [1m[35mBEGIN[0m
  [1m[35m (1.0ms)[0m  [1m[35mCOMMIT[0m
  [1m[35m (1.0ms)[0m  [1m[34mSELECT RELEASE_LOCK('4649641332133449120')[0m
  [1m[35m (0.0ms)[0m  [1m[34mSELECT `schema_migrations`.`version` FROM `schema_migrations` ORDER BY `schema_migrations`.`version` ASC[0m
  [1m[35m (1.0ms)[0m  [1m[35mSET NAMES utf8,  @@SESSION.sql_mode = CONCAT(CONCAT(@@sql_mode, ',STRICT_ALL_TABLES'), ',NO_AUTO_VALUE_ON_ZERO'),  @@SESSION.sql_auto_is_null = 0, @@SESSION.wait_timeout = 2147483[0m
  [1m[35m (1.0ms)[0m  [1m[34mSELECT GET_LOCK('4649641332133449120', 0)[0m
  [1m[35m (1.0ms)[0m  [1m[34mSELECT `schema_migrations`.`version` FROM `schema_migrations` ORDER BY `schema_migrations`.`version` ASC[0m
  [1m[36mActiveRecord::InternalMetadata Load (0.0ms)[0m  [1m[34mSELECT  `ar_internal_metadata`.* FROM `ar_internal_metadata` WHERE `ar_internal_metadata`.`key` = 'environment' LIMIT 1[0m
  [1m[35m (0.0ms)[0m  [1m[35mBEGIN[0m
  [1m[35m (0.0ms)[0m  [1m[35mCOMMIT[0m
  [1m[35m (0.0ms)[0m  [1m[34mSELECT RELEASE_LOCK('4649641332133449120')[0m
  [1m[35m (1.0ms)[0m  [1m[34mSELECT `schema_migrations`.`version` FROM `schema_migrations` ORDER BY `schema_migrations`.`version` ASC[0m
  [1m[35m (1.0ms)[0m  [1m[35mSET NAMES utf8,  @@SESSION.sql_mode = CONCAT(CONCAT(@@sql_mode, ',STRICT_ALL_TABLES'), ',NO_AUTO_VALUE_ON_ZERO'),  @@SESSION.sql_auto_is_null = 0, @@SESSION.wait_timeout = 2147483[0m
  [1m[35m (1.0ms)[0m  [1m[34mSELECT GET_LOCK('4649641332133449120', 0)[0m
  [1m[35m (1.0ms)[0m  [1m[34mSELECT `schema_migrations`.`version` FROM `schema_migrations` ORDER BY `schema_migrations`.`version` ASC[0m
  [1m[36mActiveRecord::InternalMetadata Load (1.0ms)[0m  [1m[34mSELECT  `ar_internal_metadata`.* FROM `ar_internal_metadata` WHERE `ar_internal_metadata`.`key` = 'environment' LIMIT 1[0m
  [1m[35m (0.0ms)[0m  [1m[35mBEGIN[0m
  [1m[35m (1.0ms)[0m  [1m[35mCOMMIT[0m
  [1m[35m (0.0ms)[0m  [1m[34mSELECT RELEASE_LOCK('4649641332133449120')[0m
  [1m[35m (1.0ms)[0m  [1m[34mSELECT `schema_migrations`.`version` FROM `schema_migrations` ORDER BY `schema_migrations`.`version` ASC[0m
Started GET "/" for ::1 at 2020-02-26 18:05:02 -0600
Processing by WelcomePageController#welcome as HTML
  Rendering welcome_page/welcome.html.erb within layouts/application
  Rendered welcome_page/welcome.html.erb within layouts/application (3.0ms)
Completed 200 OK in 1552ms (Views: 1148.5ms)


Started POST "/file_manager/download_all" for ::1 at 2020-02-26 18:05:19 -0600
  
ActionController::RoutingError (No route matches [POST] "/file_manager/download_all"):
  
actionpack (5.1.7) lib/action_dispatch/middleware/debug_exceptions.rb:63:in `call'
web-console (3.7.0) lib/web_console/middleware.rb:135:in `call_app'
web-console (3.7.0) lib/web_console/middleware.rb:30:in `block in call'
web-console (3.7.0) lib/web_console/middleware.rb:20:in `catch'
web-console (3.7.0) lib/web_console/middleware.rb:20:in `call'
actionpack (5.1.7) lib/action_dispatch/middleware/show_exceptions.rb:31:in `call'
railties (5.1.7) lib/rails/rack/logger.rb:36:in `call_app'
railties (5.1.7) lib/rails/rack/logger.rb:24:in `block in call'
activesupport (5.1.7) lib/active_support/tagged_logging.rb:69:in `block in tagged'
activesupport (5.1.7) lib/active_support/tagged_logging.rb:26:in `tagged'
activesupport (5.1.7) lib/active_support/tagged_logging.rb:69:in `tagged'
railties (5.1.7) lib/rails/rack/logger.rb:24:in `call'
sprockets-rails (3.2.1) lib/sprockets/rails/quiet_assets.rb:13:in `call'
actionpack (5.1.7) lib/action_dispatch/middleware/remote_ip.rb:79:in `call'
actionpack (5.1.7) lib/action_dispatch/middleware/request_id.rb:25:in `call'
rack (2.2.2) lib/rack/method_override.rb:24:in `call'
rack (2.2.2) lib/rack/runtime.rb:22:in `call'
activesupport (5.1.7) lib/active_support/cache/strategy/local_cache_middleware.rb:27:in `call'
actionpack (5.1.7) lib/action_dispatch/middleware/executor.rb:12:in `call'
actionpack (5.1.7) lib/action_dispatch/middleware/static.rb:125:in `call'
rack (2.2.2) lib/rack/sendfile.rb:110:in `call'
railties (5.1.7) lib/rails/engine.rb:522:in `call'
puma (3.12.2) lib/puma/configuration.rb:227:in `call'
puma (3.12.2) lib/puma/server.rb:674:in `handle_request'
puma (3.12.2) lib/puma/server.rb:476:in `process_client'
puma (3.12.2) lib/puma/server.rb:334:in `block in run'
puma (3.12.2) lib/puma/thread_pool.rb:135:in `block in spawn_thread'
Started GET "/" for ::1 at 2020-02-26 18:06:22 -0600
Processing by WelcomePageController#welcome as HTML
  Rendering welcome_page/welcome.html.erb within layouts/application
  Rendered welcome_page/welcome.html.erb within layouts/application (3.0ms)
Completed 200 OK in 662ms (Views: 310.0ms)


Started GET "/" for ::1 at 2020-02-26 18:06:33 -0600
Processing by WelcomePageController#welcome as HTML
  Rendering welcome_page/welcome.html.erb within layouts/application
  Rendered welcome_page/welcome.html.erb within layouts/application (0.0ms)
Completed 200 OK in 170ms (Views: 142.5ms)


Started POST "/file_manager/download_all" for ::1 at 2020-02-26 18:06:35 -0600
Processing by FileManagerController#download_all as HTML
  Parameters: {"authenticity_token"=>"tyU7K1DW0XZf3AJhrvVNo14OOdnTrNPNbIYE2k6l8SQtXhBFBMTxYZDPhllWDNNFpT199n7Y22+nwy7WV48XZA=="}
Sent file C:/Users/Holly/Google Drive/WEBD 435/google_on_fire/app/assets/files/GoogleAccountManager_7.1.2.apk (0.0ms)
Sent file C:/Users/Holly/Google Drive/WEBD 435/google_on_fire/app/assets/files/GoogleServicesFramework_10_5771379.apk (1.0ms)
Sent file C:/Users/Holly/Google Drive/WEBD 435/google_on_fire/app/assets/files/GooglePlayServices_20.06.15_120400.apk (0.0ms)
Sent file C:/Users/Holly/Google Drive/WEBD 435/google_on_fire/app/assets/files/GooglePlayStore_18.8.16 (1.0ms)
Completed 500 Internal Server Error in 3ms


  
ActionController::MissingFile (Cannot read file C:/Users/Holly/Google Drive/WEBD 435/google_on_fire/app/assets/files/GooglePlayStore_18.8.16):
  
app/controllers/file_manager_controller.rb:33:in `download_playstore'
app/controllers/file_manager_controller.rb:44:in `download_all'
Started GET "/" for ::1 at 2020-02-26 18:08:46 -0600
Processing by WelcomePageController#welcome as HTML
  Rendering welcome_page/welcome.html.erb within layouts/application
  Rendered welcome_page/welcome.html.erb within layouts/application (1.0ms)
Completed 200 OK in 146ms (Views: 121.5ms)


Started POST "/file_manager/download_all" for ::1 at 2020-02-26 18:08:49 -0600
Processing by FileManagerController#download_all as HTML
  Parameters: {"authenticity_token"=>"LWzTOKutze3i3zUQ4fs3Oxt02GgKHAGxxzcn5qCEIRS3F/hW/7/t+i3MsSgZAqnd4EecR6doCRMMcg3qua7HVA=="}
Sent file C:/Users/Holly/Google Drive/WEBD 435/google_on_fire/app/assets/files/GoogleAccountManager_7.1.2.apk (0.0ms)
Sent file C:/Users/Holly/Google Drive/WEBD 435/google_on_fire/app/assets/files/GoogleServicesFramework_10_5771379.apk (0.0ms)
Sent file C:/Users/Holly/Google Drive/WEBD 435/google_on_fire/app/assets/files/GooglePlayServices_20.06.15_120400.apk (1.0ms)
Sent file app/assets/files/GooglePlayStore_18.8.16.apk (0.0ms)
Completed 200 OK in 4ms


Started GET "/" for ::1 at 2020-02-26 18:10:03 -0600
Processing by WelcomePageController#welcome as HTML
  Rendering welcome_page/welcome.html.erb within layouts/application
  Rendered welcome_page/welcome.html.erb within layouts/application (0.0ms)
Completed 200 OK in 147ms (Views: 121.5ms)


Started POST "/file_manager/download_all" for ::1 at 2020-02-26 18:10:13 -0600
Processing by FileManagerController#download_all as HTML
  Parameters: {"authenticity_token"=>"H3K5RVbG1wxdGdnC5TO34FzZk/eCKeUVMN5QRiL1Ld+FCZIrAtT3G5IKXfodyikGp+rX2C9d7bf7m3pKO9/Lnw=="}
Sent file app/assets/files/GoogleAccountManager_7.1.2.apk (0.0ms)
Sent file app/assets/files/GoogleServicesFramework_10_5771379.apk (0.0ms)
Sent file app/assets/files/GooglePlayServices_20.06.15_120400.apk (1.0ms)
Sent file app/assets/files/GooglePlayStore_18.8.16.apk (1.0ms)
Completed 200 OK in 4ms


Started GET "/" for ::1 at 2020-02-26 18:11:02 -0600
Processing by WelcomePageController#welcome as HTML
  Rendering welcome_page/welcome.html.erb within layouts/application
  Rendered welcome_page/welcome.html.erb within layouts/application (0.0ms)
Completed 200 OK in 149ms (Views: 121.8ms)


Started POST "/file_manager/download_all" for ::1 at 2020-02-26 18:11:05 -0600
Processing by FileManagerController#download_all as HTML
  Parameters: {"authenticity_token"=>"oPSRJ5jR8dZ38db/NNqStcLRno4f+0oohhC4GPHKV0s6j7pJzMPRwbjiUsfMIwxTOeLaobKPQopNVZIU6OCxCw=="}
Sent file app/assets/files/GoogleAccountManager_7.1.2.apk (0.0ms)
Completed 200 OK in 2ms


Started GET "/" for ::1 at 2020-02-26 18:12:34 -0600
Processing by WelcomePageController#welcome as HTML
  Rendering welcome_page/welcome.html.erb within layouts/application
  Rendered welcome_page/welcome.html.erb within layouts/application (0.0ms)
Completed 200 OK in 155ms (Views: 125.6ms)


Started POST "/file_manager/download_all" for ::1 at 2020-02-26 18:12:44 -0600
Processing by FileManagerController#download_all as HTML
  Parameters: {"authenticity_token"=>"56jwgtEu0xeAfaPELWUh0NuLSjM8LH4N+Qrq19SnwrN909vshTzzAE9uJ/zVnL82ILgOHJFYdq8yT8DbzY0k8w=="}
Sent file app/assets/files/GoogleAccountManager_7.1.2.apk (1.0ms)
Sent file app/assets/files/GooglePlayStore_18.8.16.apk (1.0ms)
Completed 200 OK in 23ms


Started POST "/file_manager/download_all" for ::1 at 2020-02-26 18:12:53 -0600
Processing by FileManagerController#download_all as HTML
  Parameters: {"authenticity_token"=>"56jwgtEu0xeAfaPELWUh0NuLSjM8LH4N+Qrq19SnwrN909vshTzzAE9uJ/zVnL82ILgOHJFYdq8yT8DbzY0k8w=="}
Sent file app/assets/files/GoogleAccountManager_7.1.2.apk (0.0ms)
Sent file app/assets/files/GooglePlayStore_18.8.16.apk (0.0ms)
Completed 200 OK in 23ms


